* installing *source* package ‘Racmacs’ ...
** package ‘Racmacs’ successfully unpacked and MD5 sums checked
** using staged installation
** libs
using C++ compiler: ‘g++ (Ubuntu 13.3.0-6ubuntu2~24.04) 13.3.0’
g++ -std=gnu++17 -I"/opt/R/4.4.0/lib/R/include" -DNDEBUG -DSTRICT_R_HEADERS -I'/tmp/r-deps/Rcpp/include' -I'/tmp/r-deps/RcppArmadillo/include' -I'/tmp/r-deps/RcppProgress/include' -I'/tmp/r-deps/RcppEnsmallen/include' -I'/tmp/r-deps/rapidjsonr/include' -I/usr/local/include   -fopenmp -fpic  -g -O2   -c Racmacs_wrappers.cpp -o Racmacs_wrappers.o
g++ -std=gnu++17 -I"/opt/R/4.4.0/lib/R/include" -DNDEBUG -DSTRICT_R_HEADERS -I'/tmp/r-deps/Rcpp/include' -I'/tmp/r-deps/RcppArmadillo/include' -I'/tmp/r-deps/RcppProgress/include' -I'/tmp/r-deps/RcppEnsmallen/include' -I'/tmp/r-deps/rapidjsonr/include' -I/usr/local/include   -fopenmp -fpic  -g -O2   -c Racmacs_wrappers_antigens.cpp -o Racmacs_wrappers_antigens.o
g++ -std=gnu++17 -I"/opt/R/4.4.0/lib/R/include" -DNDEBUG -DSTRICT_R_HEADERS -I'/tmp/r-deps/Rcpp/include' -I'/tmp/r-deps/RcppArmadillo/include' -I'/tmp/r-deps/RcppProgress/include' -I'/tmp/r-deps/RcppEnsmallen/include' -I'/tmp/r-deps/rapidjsonr/include' -I/usr/local/include   -fopenmp -fpic  -g -O2   -c Racmacs_wrappers_optimizations.cpp -o Racmacs_wrappers_optimizations.o
g++ -std=gnu++17 -I"/opt/R/4.4.0/lib/R/include" -DNDEBUG -DSTRICT_R_HEADERS -I'/tmp/r-deps/Rcpp/include' -I'/tmp/r-deps/RcppArmadillo/include' -I'/tmp/r-deps/RcppProgress/include' -I'/tmp/r-deps/RcppEnsmallen/include' -I'/tmp/r-deps/rapidjsonr/include' -I/usr/local/include   -fopenmp -fpic  -g -O2   -c Racmacs_wrappers_plotspec.cpp -o Racmacs_wrappers_plotspec.o
g++ -std=gnu++17 -I"/opt/R/4.4.0/lib/R/include" -DNDEBUG -DSTRICT_R_HEADERS -I'/tmp/r-deps/Rcpp/include' -I'/tmp/r-deps/RcppArmadillo/include' -I'/tmp/r-deps/RcppProgress/include' -I'/tmp/r-deps/RcppEnsmallen/include' -I'/tmp/r-deps/rapidjsonr/include' -I/usr/local/include   -fopenmp -fpic  -g -O2   -c Racmacs_wrappers_sera.cpp -o Racmacs_wrappers_sera.o
g++ -std=gnu++17 -I"/opt/R/4.4.0/lib/R/include" -DNDEBUG -DSTRICT_R_HEADERS -I'/tmp/r-deps/Rcpp/include' -I'/tmp/r-deps/RcppArmadillo/include' -I'/tmp/r-deps/RcppProgress/include' -I'/tmp/r-deps/RcppEnsmallen/include' -I'/tmp/r-deps/rapidjsonr/include' -I/usr/local/include   -fopenmp -fpic  -g -O2   -c RcppExports.cpp -o RcppExports.o
g++ -std=gnu++17 -I"/opt/R/4.4.0/lib/R/include" -DNDEBUG -DSTRICT_R_HEADERS -I'/tmp/r-deps/Rcpp/include' -I'/tmp/r-deps/RcppArmadillo/include' -I'/tmp/r-deps/RcppProgress/include' -I'/tmp/r-deps/RcppEnsmallen/include' -I'/tmp/r-deps/rapidjsonr/include' -I/usr/local/include   -fopenmp -fpic  -g -O2   -c ac_bootstrap.cpp -o ac_bootstrap.o
g++ -std=gnu++17 -I"/opt/R/4.4.0/lib/R/include" -DNDEBUG -DSTRICT_R_HEADERS -I'/tmp/r-deps/Rcpp/include' -I'/tmp/r-deps/RcppArmadillo/include' -I'/tmp/r-deps/RcppProgress/include' -I'/tmp/r-deps/RcppEnsmallen/include' -I'/tmp/r-deps/rapidjsonr/include' -I/usr/local/include   -fopenmp -fpic  -g -O2   -c ac_dimension_test.cpp -o ac_dimension_test.o
g++ -std=gnu++17 -I"/opt/R/4.4.0/lib/R/include" -DNDEBUG -DSTRICT_R_HEADERS -I'/tmp/r-deps/Rcpp/include' -I'/tmp/r-deps/RcppArmadillo/include' -I'/tmp/r-deps/RcppProgress/include' -I'/tmp/r-deps/RcppEnsmallen/include' -I'/tmp/r-deps/rapidjsonr/include' -I/usr/local/include   -fopenmp -fpic  -g -O2   -c ac_errorlines.cpp -o ac_errorlines.o
g++ -std=gnu++17 -I"/opt/R/4.4.0/lib/R/include" -DNDEBUG -DSTRICT_R_HEADERS -I'/tmp/r-deps/Rcpp/include' -I'/tmp/r-deps/RcppArmadillo/include' -I'/tmp/r-deps/RcppProgress/include' -I'/tmp/r-deps/RcppEnsmallen/include' -I'/tmp/r-deps/rapidjsonr/include' -I/usr/local/include   -fopenmp -fpic  -g -O2   -c ac_hemi_test.cpp -o ac_hemi_test.o
g++ -std=gnu++17 -I"/opt/R/4.4.0/lib/R/include" -DNDEBUG -DSTRICT_R_HEADERS -I'/tmp/r-deps/Rcpp/include' -I'/tmp/r-deps/RcppArmadillo/include' -I'/tmp/r-deps/RcppProgress/include' -I'/tmp/r-deps/RcppEnsmallen/include' -I'/tmp/r-deps/rapidjsonr/include' -I/usr/local/include   -fopenmp -fpic  -g -O2   -c ac_matching.cpp -o ac_matching.o
g++ -std=gnu++17 -I"/opt/R/4.4.0/lib/R/include" -DNDEBUG -DSTRICT_R_HEADERS -I'/tmp/r-deps/Rcpp/include' -I'/tmp/r-deps/RcppArmadillo/include' -I'/tmp/r-deps/RcppProgress/include' -I'/tmp/r-deps/RcppEnsmallen/include' -I'/tmp/r-deps/rapidjsonr/include' -I/usr/local/include   -fopenmp -fpic  -g -O2   -c ac_merge.cpp -o ac_merge.o
g++ -std=gnu++17 -I"/opt/R/4.4.0/lib/R/include" -DNDEBUG -DSTRICT_R_HEADERS -I'/tmp/r-deps/Rcpp/include' -I'/tmp/r-deps/RcppArmadillo/include' -I'/tmp/r-deps/RcppProgress/include' -I'/tmp/r-deps/RcppEnsmallen/include' -I'/tmp/r-deps/rapidjsonr/include' -I/usr/local/include   -fopenmp -fpic  -g -O2   -c ac_move_trapped_points.cpp -o ac_move_trapped_points.o
g++ -std=gnu++17 -I"/opt/R/4.4.0/lib/R/include" -DNDEBUG -DSTRICT_R_HEADERS -I'/tmp/r-deps/Rcpp/include' -I'/tmp/r-deps/RcppArmadillo/include' -I'/tmp/r-deps/RcppProgress/include' -I'/tmp/r-deps/RcppEnsmallen/include' -I'/tmp/r-deps/rapidjsonr/include' -I/usr/local/include   -fopenmp -fpic  -g -O2   -c ac_optim_map_stress.cpp -o ac_optim_map_stress.o
g++ -std=gnu++17 -I"/opt/R/4.4.0/lib/R/include" -DNDEBUG -DSTRICT_R_HEADERS -I'/tmp/r-deps/Rcpp/include' -I'/tmp/r-deps/RcppArmadillo/include' -I'/tmp/r-deps/RcppProgress/include' -I'/tmp/r-deps/RcppEnsmallen/include' -I'/tmp/r-deps/rapidjsonr/include' -I/usr/local/include   -fopenmp -fpic  -g -O2   -c ac_optimization.cpp -o ac_optimization.o
g++ -std=gnu++17 -I"/opt/R/4.4.0/lib/R/include" -DNDEBUG -DSTRICT_R_HEADERS -I'/tmp/r-deps/Rcpp/include' -I'/tmp/r-deps/RcppArmadillo/include' -I'/tmp/r-deps/RcppProgress/include' -I'/tmp/r-deps/RcppEnsmallen/include' -I'/tmp/r-deps/rapidjsonr/include' -I/usr/local/include   -fopenmp -fpic  -g -O2   -c ac_optimize_ag_reactivity.cpp -o ac_optimize_ag_reactivity.o
g++ -std=gnu++17 -I"/opt/R/4.4.0/lib/R/include" -DNDEBUG -DSTRICT_R_HEADERS -I'/tmp/r-deps/Rcpp/include' -I'/tmp/r-deps/RcppArmadillo/include' -I'/tmp/r-deps/RcppProgress/include' -I'/tmp/r-deps/RcppEnsmallen/include' -I'/tmp/r-deps/rapidjsonr/include' -I/usr/local/include   -fopenmp -fpic  -g -O2   -c ac_stress.cpp -o ac_stress.o
g++ -std=gnu++17 -I"/opt/R/4.4.0/lib/R/include" -DNDEBUG -DSTRICT_R_HEADERS -I'/tmp/r-deps/Rcpp/include' -I'/tmp/r-deps/RcppArmadillo/include' -I'/tmp/r-deps/RcppProgress/include' -I'/tmp/r-deps/RcppEnsmallen/include' -I'/tmp/r-deps/rapidjsonr/include' -I/usr/local/include   -fopenmp -fpic  -g -O2   -c ac_stress_blobs.cpp -o ac_stress_blobs.o
g++ -std=gnu++17 -I"/opt/R/4.4.0/lib/R/include" -DNDEBUG -DSTRICT_R_HEADERS -I'/tmp/r-deps/Rcpp/include' -I'/tmp/r-deps/RcppArmadillo/include' -I'/tmp/r-deps/RcppProgress/include' -I'/tmp/r-deps/RcppEnsmallen/include' -I'/tmp/r-deps/rapidjsonr/include' -I/usr/local/include   -fopenmp -fpic  -g -O2   -c ac_titers.cpp -o ac_titers.o
g++ -std=gnu++17 -I"/opt/R/4.4.0/lib/R/include" -DNDEBUG -DSTRICT_R_HEADERS -I'/tmp/r-deps/Rcpp/include' -I'/tmp/r-deps/RcppArmadillo/include' -I'/tmp/r-deps/RcppProgress/include' -I'/tmp/r-deps/RcppEnsmallen/include' -I'/tmp/r-deps/rapidjsonr/include' -I/usr/local/include   -fopenmp -fpic  -g -O2   -c ac_utils.cpp -o ac_utils.o
g++ -std=gnu++17 -I"/opt/R/4.4.0/lib/R/include" -DNDEBUG -DSTRICT_R_HEADERS -I'/tmp/r-deps/Rcpp/include' -I'/tmp/r-deps/RcppArmadillo/include' -I'/tmp/r-deps/RcppProgress/include' -I'/tmp/r-deps/RcppEnsmallen/include' -I'/tmp/r-deps/rapidjsonr/include' -I/usr/local/include   -fopenmp -fpic  -g -O2   -c acmap_map.cpp -o acmap_map.o
g++ -std=gnu++17 -I"/opt/R/4.4.0/lib/R/include" -DNDEBUG -DSTRICT_R_HEADERS -I'/tmp/r-deps/Rcpp/include' -I'/tmp/r-deps/RcppArmadillo/include' -I'/tmp/r-deps/RcppProgress/include' -I'/tmp/r-deps/RcppEnsmallen/include' -I'/tmp/r-deps/rapidjsonr/include' -I/usr/local/include   -fopenmp -fpic  -g -O2   -c acmap_optimization.cpp -o acmap_optimization.o
g++ -std=gnu++17 -I"/opt/R/4.4.0/lib/R/include" -DNDEBUG -DSTRICT_R_HEADERS -I'/tmp/r-deps/Rcpp/include' -I'/tmp/r-deps/RcppArmadillo/include' -I'/tmp/r-deps/RcppProgress/include' -I'/tmp/r-deps/RcppEnsmallen/include' -I'/tmp/r-deps/rapidjsonr/include' -I/usr/local/include   -fopenmp -fpic  -g -O2   -c acmap_point.cpp -o acmap_point.o
g++ -std=gnu++17 -I"/opt/R/4.4.0/lib/R/include" -DNDEBUG -DSTRICT_R_HEADERS -I'/tmp/r-deps/Rcpp/include' -I'/tmp/r-deps/RcppArmadillo/include' -I'/tmp/r-deps/RcppProgress/include' -I'/tmp/r-deps/RcppEnsmallen/include' -I'/tmp/r-deps/rapidjsonr/include' -I/usr/local/include   -fopenmp -fpic  -g -O2   -c acmap_titers.cpp -o acmap_titers.o
g++ -std=gnu++17 -I"/opt/R/4.4.0/lib/R/include" -DNDEBUG -DSTRICT_R_HEADERS -I'/tmp/r-deps/Rcpp/include' -I'/tmp/r-deps/RcppArmadillo/include' -I'/tmp/r-deps/RcppProgress/include' -I'/tmp/r-deps/RcppEnsmallen/include' -I'/tmp/r-deps/rapidjsonr/include' -I/usr/local/include   -fopenmp -fpic  -g -O2   -c json_assert.cpp -o json_assert.o
g++ -std=gnu++17 -I"/opt/R/4.4.0/lib/R/include" -DNDEBUG -DSTRICT_R_HEADERS -I'/tmp/r-deps/Rcpp/include' -I'/tmp/r-deps/RcppArmadillo/include' -I'/tmp/r-deps/RcppProgress/include' -I'/tmp/r-deps/RcppEnsmallen/include' -I'/tmp/r-deps/rapidjsonr/include' -I/usr/local/include   -fopenmp -fpic  -g -O2   -c json_read_to_acmap.cpp -o json_read_to_acmap.o
g++ -std=gnu++17 -I"/opt/R/4.4.0/lib/R/include" -DNDEBUG -DSTRICT_R_HEADERS -I'/tmp/r-deps/Rcpp/include' -I'/tmp/r-deps/RcppArmadillo/include' -I'/tmp/r-deps/RcppProgress/include' -I'/tmp/r-deps/RcppEnsmallen/include' -I'/tmp/r-deps/rapidjsonr/include' -I/usr/local/include   -fopenmp -fpic  -g -O2   -c json_write_from_acmap.cpp -o json_write_from_acmap.o
g++ -std=gnu++17 -I"/opt/R/4.4.0/lib/R/include" -DNDEBUG -DSTRICT_R_HEADERS -I'/tmp/r-deps/Rcpp/include' -I'/tmp/r-deps/RcppArmadillo/include' -I'/tmp/r-deps/RcppProgress/include' -I'/tmp/r-deps/RcppEnsmallen/include' -I'/tmp/r-deps/rapidjsonr/include' -I/usr/local/include   -fopenmp -fpic  -g -O2   -c procrustes.cpp -o procrustes.o
g++ -std=gnu++17 -I"/opt/R/4.4.0/lib/R/include" -DNDEBUG -DSTRICT_R_HEADERS -I'/tmp/r-deps/Rcpp/include' -I'/tmp/r-deps/RcppArmadillo/include' -I'/tmp/r-deps/RcppProgress/include' -I'/tmp/r-deps/RcppEnsmallen/include' -I'/tmp/r-deps/rapidjsonr/include' -I/usr/local/include   -fopenmp -fpic  -g -O2   -c utils.cpp -o utils.o
g++ -std=gnu++17 -I"/opt/R/4.4.0/lib/R/include" -DNDEBUG -DSTRICT_R_HEADERS -I'/tmp/r-deps/Rcpp/include' -I'/tmp/r-deps/RcppArmadillo/include' -I'/tmp/r-deps/RcppProgress/include' -I'/tmp/r-deps/RcppEnsmallen/include' -I'/tmp/r-deps/rapidjsonr/include' -I/usr/local/include   -fopenmp -fpic  -g -O2   -c utils_error.cpp -o utils_error.o
g++ -std=gnu++17 -I"/opt/R/4.4.0/lib/R/include" -DNDEBUG -DSTRICT_R_HEADERS -I'/tmp/r-deps/Rcpp/include' -I'/tmp/r-deps/RcppArmadillo/include' -I'/tmp/r-deps/RcppProgress/include' -I'/tmp/r-deps/RcppEnsmallen/include' -I'/tmp/r-deps/rapidjsonr/include' -I/usr/local/include   -fopenmp -fpic  -g -O2   -c utils_euc_dist.cpp -o utils_euc_dist.o
g++ -std=gnu++17 -I"/opt/R/4.4.0/lib/R/include" -DNDEBUG -DSTRICT_R_HEADERS -I'/tmp/r-deps/Rcpp/include' -I'/tmp/r-deps/RcppArmadillo/include' -I'/tmp/r-deps/RcppProgress/include' -I'/tmp/r-deps/RcppEnsmallen/include' -I'/tmp/r-deps/rapidjsonr/include' -I/usr/local/include   -fopenmp -fpic  -g -O2   -c utils_geometry.cpp -o utils_geometry.o
g++ -std=gnu++17 -I"/opt/R/4.4.0/lib/R/include" -DNDEBUG -DSTRICT_R_HEADERS -I'/tmp/r-deps/Rcpp/include' -I'/tmp/r-deps/RcppArmadillo/include' -I'/tmp/r-deps/RcppProgress/include' -I'/tmp/r-deps/RcppEnsmallen/include' -I'/tmp/r-deps/rapidjsonr/include' -I/usr/local/include   -fopenmp -fpic  -g -O2   -c utils_interpolation.cpp -o utils_interpolation.o
g++ -std=gnu++17 -I"/opt/R/4.4.0/lib/R/include" -DNDEBUG -DSTRICT_R_HEADERS -I'/tmp/r-deps/Rcpp/include' -I'/tmp/r-deps/RcppArmadillo/include' -I'/tmp/r-deps/RcppProgress/include' -I'/tmp/r-deps/RcppEnsmallen/include' -I'/tmp/r-deps/rapidjsonr/include' -I/usr/local/include   -fopenmp -fpic  -g -O2   -c utils_transformation.cpp -o utils_transformation.o
g++ -std=gnu++17 -shared -L/opt/R/4.4.0/lib/R/lib -L/usr/local/lib -o Racmacs.so Racmacs_wrappers.o Racmacs_wrappers_antigens.o Racmacs_wrappers_optimizations.o Racmacs_wrappers_plotspec.o Racmacs_wrappers_sera.o RcppExports.o ac_bootstrap.o ac_dimension_test.o ac_errorlines.o ac_hemi_test.o ac_matching.o ac_merge.o ac_move_trapped_points.o ac_optim_map_stress.o ac_optimization.o ac_optimize_ag_reactivity.o ac_stress.o ac_stress_blobs.o ac_titers.o ac_utils.o acmap_map.o acmap_optimization.o acmap_point.o acmap_titers.o json_assert.o json_read_to_acmap.o json_write_from_acmap.o procrustes.o utils.o utils_error.o utils_euc_dist.o utils_geometry.o utils_interpolation.o utils_transformation.o -fopenmp -llapack -lblas -lgfortran -lm -lquadmath -L/opt/R/4.4.0/lib/R/lib -lR
installing to /tmp/workdir/Racmacs/old/Racmacs.Rcheck/00LOCK-Racmacs/00new/Racmacs/libs
** R
** inst
** byte-compile and prepare package for lazy loading
** help
*** installing help indices
*** copying figures
** building package indices
** installing vignettes
** testing if installed package can be loaded from temporary location
** checking absolute paths in shared objects and dynamic libraries
** testing if installed package can be loaded from final location
** testing if installed package keeps a record of temporary installation path
* DONE (Racmacs)
