* installing *source* package ‘pguIMP’ ...
** package ‘pguIMP’ successfully unpacked and MD5 sums checked
** using staged installation
** R
** inst
** byte-compile and prepare package for lazy loading
R6Class pgu.correlator: finalize() method is public, but it should be private as of R6 2.4.0. This code will continue to work, but in a future version of R6, finalize() will be required to be private.
R6Class pgu.importer: finalize() method is public, but it should be private as of R6 2.4.0. This code will continue to work, but in a future version of R6, finalize() will be required to be private.
R6Class pgu.status: finalize() method is public, but it should be private as of R6 2.4.0. This code will continue to work, but in a future version of R6, finalize() will be required to be private.
R6Class pgu.reporter: finalize() method is public, but it should be private as of R6 2.4.0. This code will continue to work, but in a future version of R6, finalize() will be required to be private.
R6Class pgu.exporter: finalize() method is public, but it should be private as of R6 2.4.0. This code will continue to work, but in a future version of R6, finalize() will be required to be private.
R6Class pgu.validator: finalize() method is public, but it should be private as of R6 2.4.0. This code will continue to work, but in a future version of R6, finalize() will be required to be private.
R6Class pgu.imputation: finalize() method is public, but it should be private as of R6 2.4.0. This code will continue to work, but in a future version of R6, finalize() will be required to be private.
R6Class pgu.outliers: finalize() method is public, but it should be private as of R6 2.4.0. This code will continue to work, but in a future version of R6, finalize() will be required to be private.
R6Class pgu.missingsCharacterizer: finalize() method is public, but it should be private as of R6 2.4.0. This code will continue to work, but in a future version of R6, finalize() will be required to be private.
R6Class pgu.missings: finalize() method is public, but it should be private as of R6 2.4.0. This code will continue to work, but in a future version of R6, finalize() will be required to be private.
R6Class pgu.normalizer: finalize() method is public, but it should be private as of R6 2.4.0. This code will continue to work, but in a future version of R6, finalize() will be required to be private.
R6Class pgu.normDist: finalize() method is public, but it should be private as of R6 2.4.0. This code will continue to work, but in a future version of R6, finalize() will be required to be private.
R6Class pgu.model: finalize() method is public, but it should be private as of R6 2.4.0. This code will continue to work, but in a future version of R6, finalize() will be required to be private.
R6Class pgu.transformator: finalize() method is public, but it should be private as of R6 2.4.0. This code will continue to work, but in a future version of R6, finalize() will be required to be private.
R6Class pgu.optimizer: finalize() method is public, but it should be private as of R6 2.4.0. This code will continue to work, but in a future version of R6, finalize() will be required to be private.
R6Class pgu.regressor: finalize() method is public, but it should be private as of R6 2.4.0. This code will continue to work, but in a future version of R6, finalize() will be required to be private.
** help
*** installing help indices
** building package indices
** testing if installed package can be loaded from temporary location
** testing if installed package can be loaded from final location
** testing if installed package keeps a record of temporary installation path
* DONE (pguIMP)
